Atom type assigned to 642 of 642.
Atoms with assigned atom types and local coordinate systems:
   pdb=" N   THR A   1 "   N401a    Z pdb=" CA  THR A   1 " X pdb=" H3  THR A   1 "
   pdb=" CA  THR A   1 "    C414    X pdb=" N   THR A   1 " Y pdb=" C   THR A   1 "
   pdb=" C   THR A   1 "    C304    X pdb=" O   THR A   1 " Y pdb=" N   THR A   2 "
   pdb=" O   THR A   1 "   O1051    X pdb=" C   THR A   1 " Y pdb=" N   THR A   2 "
   pdb=" CB  THR A   1 "    C430    X pdb=" OG1 THR A   1 " Y pdb=" HB  THR A   1 "
   pdb=" OG1 THR A   1 "   O205a    X pdb=" CB  THR A   1 " Y pdb=" HG1 THR A   1 "
   pdb=" CG2 THR A   1 "    C401    Z pdb=" CB  THR A   1 " X pdb="HG23 THR A   1 "
   pdb=" H1  THR A   1 "    H105    Z pdb=" N   THR A   1 " X pdb=" CA  THR A   1 "
   pdb=" H2  THR A   1 "    H105    Z pdb=" N   THR A   1 " X pdb=" CA  THR A   1 "
   pdb=" H3  THR A   1 "    H105    Z pdb=" N   THR A   1 " X pdb=" CA  THR A   1 "
   pdb=" HA  THR A   1 "    H103    Z pdb=" CA  THR A   1 " X pdb=" N   THR A   1 "
   pdb=" HB  THR A   1 "    H103    Z pdb=" CB  THR A   1 " X pdb=" OG1 THR A   1 "
   pdb=" HG1 THR A   1 "    H112    Z pdb=" OG1 THR A   1 " X pdb=" CB  THR A   1 "
   pdb="HG21 THR A   1 "    H101    Z pdb=" CG2 THR A   1 " X pdb=" CB  THR A   1 "
   pdb="HG22 THR A   1 "    H101    Z pdb=" CG2 THR A   1 " X pdb=" CB  THR A   1 "
   pdb="HG23 THR A   1 "    H101    Z pdb=" CG2 THR A   1 " X pdb=" CB  THR A   1 "
   pdb=" N   THR A   2 "    N315    X pdb=" C   THR A   1 " Y pdb=" CA  THR A   2 "
   pdb=" CA  THR A   2 "    C421    X pdb=" N   THR A   2 " Y pdb=" C   THR A   2 "
   pdb=" C   THR A   2 "    C304    X pdb=" O   THR A   2 " Y pdb=" N   CYS A   3 "
   pdb=" O   THR A   2 "   O1051    X pdb=" C   THR A   2 " Y pdb=" N   CYS A   3 "
   pdb=" CB  THR A   2 "    C430    X pdb=" OG1 THR A   2 " Y pdb=" HB  THR A   2 "
   pdb=" OG1 THR A   2 "   O205a    X pdb=" CB  THR A   2 " Y pdb=" HG1 THR A   2 "
   pdb=" CG2 THR A   2 "    C401    Z pdb=" CB  THR A   2 " X pdb="HG23 THR A   2 "
   pdb=" H   THR A   2 "    H108    Z pdb=" N   THR A   2 " X pdb=" C   THR A   1 "
   pdb=" HA  THR A   2 "    H103    Z pdb=" CA  THR A   2 " X pdb=" N   THR A   2 "
   pdb=" HB  THR A   2 "    H103    Z pdb=" CB  THR A   2 " X pdb=" OG1 THR A   2 "
   pdb=" HG1 THR A   2 "    H112    Z pdb=" OG1 THR A   2 " X pdb=" CB  THR A   2 "
   pdb="HG21 THR A   2 "    H101    Z pdb=" CG2 THR A   2 " X pdb=" CB  THR A   2 "
   pdb="HG22 THR A   2 "    H101    Z pdb=" CG2 THR A   2 " X pdb=" CB  THR A   2 "
   pdb="HG23 THR A   2 "    H101    Z pdb=" CG2 THR A   2 " X pdb=" CB  THR A   2 "
   pdb=" N   CYS A   3 "    N315    X pdb=" C   THR A   2 " Y pdb=" CA  CYS A   3 "
   pdb=" CA  CYS A   3 "    C421    X pdb=" N   CYS A   3 " Y pdb=" C   CYS A   3 "
   pdb=" C   CYS A   3 "    C304    X pdb=" O   CYS A   3 " Y pdb=" N   CYS A   4 "
   pdb=" O   CYS A   3 "   O1051    X pdb=" C   CYS A   3 " Y pdb=" N   CYS A   4 "
   pdb=" CB  CYS A   3 "    C434    X pdb=" SG  CYS A   3 " Y pdb=" CA  CYS A   3 "
   pdb=" SG  CYS A   3 "    S203    X pdb=" SG  CYS A  40 " Y pdb=" CB  CYS A   3 "
   pdb=" H   CYS A   3 "    H108    Z pdb=" N   CYS A   3 " X pdb=" C   THR A   2 "
   pdb=" HA  CYS A   3 "    H103    Z pdb=" CA  CYS A   3 " X pdb=" N   CYS A   3 "
   pdb=" HB2 CYS A   3 "    H102    Z pdb=" CB  CYS A   3 " X pdb=" SG  CYS A   3 "
   pdb=" HB3 CYS A   3 "    H102    Z pdb=" CB  CYS A   3 " X pdb=" SG  CYS A   3 "
   pdb=" N   CYS A   4 "    N315    X pdb=" C   CYS A   3 " Y pdb=" CA  CYS A   4 "
   pdb=" CA  CYS A   4 "    C421    X pdb=" N   CYS A   4 " Y pdb=" C   CYS A   4 "
   pdb=" C   CYS A   4 "    C304    X pdb=" O   CYS A   4 " Y pdb=" N   PRO A   5 "
   pdb=" O   CYS A   4 "   O1051    X pdb=" C   CYS A   4 " Y pdb=" N   PRO A   5 "
   pdb=" CB  CYS A   4 "    C434    X pdb=" SG  CYS A   4 " Y pdb=" CA  CYS A   4 "
   pdb=" SG  CYS A   4 "    S203    X pdb=" SG  CYS A  32 " Y pdb=" CB  CYS A   4 "
   pdb=" H   CYS A   4 "    H108    Z pdb=" N   CYS A   4 " X pdb=" C   CYS A   3 "
   pdb=" HA  CYS A   4 "    H103    Z pdb=" CA  CYS A   4 " X pdb=" N   CYS A   4 "
   pdb=" HB2 CYS A   4 "    H102    Z pdb=" CB  CYS A   4 " X pdb=" SG  CYS A   4 "
   pdb=" HB3 CYS A   4 "    H102    Z pdb=" CB  CYS A   4 " X pdb=" SG  CYS A   4 "
   pdb=" N   PRO A   5 "    N313    Z pdb=" C   CYS A   4 " X pdb=" CA  PRO A   5 "
   pdb=" CA  PRO A   5 "    C421    X pdb=" N   PRO A   5 " Y pdb=" C   PRO A   5 "
   pdb=" C   PRO A   5 "    C304    X pdb=" O   PRO A   5 " Y pdb=" N   SER A   6 "
   pdb=" O   PRO A   5 "   O1051    X pdb=" C   PRO A   5 " Y pdb=" N   SER A   6 "
   pdb=" CB  PRO A   5 "   C404a    Z average_direction(pdb=" CG  PRO A   5 ",pdb=" CA  PRO A   5 ") X pdb=" HB2 PRO A   5 "
   pdb=" CG  PRO A   5 "   C404a    Z average_direction(pdb=" CD  PRO A   5 ",pdb=" CB  PRO A   5 ") X pdb=" HG2 PRO A   5 "
   pdb=" CD  PRO A   5 "    C418    X pdb=" N   PRO A   5 " Y pdb=" CG  PRO A   5 "
   pdb=" HA  PRO A   5 "    H103    Z pdb=" CA  PRO A   5 " X pdb=" N   PRO A   5 "
   pdb=" HB2 PRO A   5 "    H102    Z pdb=" CB  PRO A   5 " X pdb=" CA  PRO A   5 "
   pdb=" HB3 PRO A   5 "    H102    Z pdb=" CB  PRO A   5 " X pdb=" CA  PRO A   5 "
   pdb=" HG2 PRO A   5 "    H102    Z pdb=" CG  PRO A   5 " X pdb=" CD  PRO A   5 "
   pdb=" HG3 PRO A   5 "    H102    Z pdb=" CG  PRO A   5 " X pdb=" CD  PRO A   5 "
   pdb=" HD2 PRO A   5 "    H102    Z pdb=" CD  PRO A   5 " X pdb=" N   PRO A   5 "
   pdb=" HD3 PRO A   5 "    H102    Z pdb=" CD  PRO A   5 " X pdb=" N   PRO A   5 "
   pdb=" N   SER A   6 "    N315    X pdb=" C   PRO A   5 " Y pdb=" CA  SER A   6 "
   pdb=" CA  SER A   6 "    C421    X pdb=" N   SER A   6 " Y pdb=" C   SER A   6 "
   pdb=" C   SER A   6 "    C304    X pdb=" O   SER A   6 " Y pdb=" N   ILE A   7 "
   pdb=" O   SER A   6 "   O1051    X pdb=" C   SER A   6 " Y pdb=" N   ILE A   7 "
   pdb=" CB  SER A   6 "    C429    X pdb=" OG  SER A   6 " Y pdb=" CA  SER A   6 "
   pdb=" OG  SER A   6 "   O205a    X pdb=" CB  SER A   6 " Y pdb=" HG  SER A   6 "
   pdb=" H   SER A   6 "    H108    Z pdb=" N   SER A   6 " X pdb=" C   PRO A   5 "
   pdb=" HA  SER A   6 "    H103    Z pdb=" CA  SER A   6 " X pdb=" N   SER A   6 "
   pdb=" HB2 SER A   6 "    H102    Z pdb=" CB  SER A   6 " X pdb=" OG  SER A   6 "
   pdb=" HB3 SER A   6 "    H102    Z pdb=" CB  SER A   6 " X pdb=" OG  SER A   6 "
   pdb=" HG  SER A   6 "    H112    Z pdb=" OG  SER A   6 " X pdb=" CB  SER A   6 "
   pdb=" N   ILE A   7 "    N315    X pdb=" C   SER A   6 " Y pdb=" CA  ILE A   7 "
   pdb=" CA  ILE A   7 "    C421    X pdb=" N   ILE A   7 " Y pdb=" C   ILE A   7 "
   pdb=" C   ILE A   7 "    C304    X pdb=" O   ILE A   7 " Y pdb=" N   VAL A   8 "
   pdb=" O   ILE A   7 "   O1051    X pdb=" C   ILE A   7 " Y pdb=" N   VAL A   8 "
   pdb=" CB  ILE A   7 "    C402    Z pdb=" HB  ILE A   7 " X pdb=" CG2 ILE A   7 "
   pdb=" CG1 ILE A   7 "   C404a    Z average_direction(pdb=" CD1 ILE A   7 ",pdb=" CB  ILE A   7 ") X pdb="HG12 ILE A   7 "
   pdb=" CG2 ILE A   7 "    C401    Z pdb=" CB  ILE A   7 " X pdb="HG23 ILE A   7 "
   pdb=" CD1 ILE A   7 "    C401    Z pdb=" CG1 ILE A   7 " X pdb="HD12 ILE A   7 "
   pdb=" H   ILE A   7 "    H108    Z pdb=" N   ILE A   7 " X pdb=" C   SER A   6 "
   pdb=" HA  ILE A   7 "    H103    Z pdb=" CA  ILE A   7 " X pdb=" N   ILE A   7 "
   pdb=" HB  ILE A   7 "    H103    Z pdb=" CB  ILE A   7 " X pdb=" CG2 ILE A   7 "
   pdb="HG12 ILE A   7 "    H102    Z pdb=" CG1 ILE A   7 " X pdb=" CD1 ILE A   7 "
   pdb="HG13 ILE A   7 "    H102    Z pdb=" CG1 ILE A   7 " X pdb=" CD1 ILE A   7 "
   pdb="HG21 ILE A   7 "    H101    Z pdb=" CG2 ILE A   7 " X pdb=" CB  ILE A   7 "
   pdb="HG22 ILE A   7 "    H101    Z pdb=" CG2 ILE A   7 " X pdb=" CB  ILE A   7 "
   pdb="HG23 ILE A   7 "    H101    Z pdb=" CG2 ILE A   7 " X pdb=" CB  ILE A   7 "
   pdb="HD11 ILE A   7 "    H101    Z pdb=" CD1 ILE A   7 " X pdb=" CG1 ILE A   7 "
   pdb="HD12 ILE A   7 "    H101    Z pdb=" CD1 ILE A   7 " X pdb=" CG1 ILE A   7 "
   pdb="HD13 ILE A   7 "    H101    Z pdb=" CD1 ILE A   7 " X pdb=" CG1 ILE A   7 "
   pdb=" N   VAL A   8 "    N315    X pdb=" C   ILE A   7 " Y pdb=" CA  VAL A   8 "
   pdb=" CA  VAL A   8 "    C421    X pdb=" N   VAL A   8 " Y pdb=" C   VAL A   8 "
   pdb=" C   VAL A   8 "    C304    X pdb=" O   VAL A   8 " Y pdb=" N   ALA A   9 "
   pdb=" O   VAL A   8 "   O1051    X pdb=" C   VAL A   8 " Y pdb=" N   ALA A   9 "
   pdb=" CB  VAL A   8 "    C402    Z pdb=" HB  VAL A   8 " X pdb=" CG1 VAL A   8 "
   pdb=" CG1 VAL A   8 "    C401    Z pdb=" CB  VAL A   8 " X pdb="HG13 VAL A   8 "
   pdb=" CG2 VAL A   8 "    C401    Z pdb=" CB  VAL A   8 " X pdb="HG23 VAL A   8 "
   pdb=" H   VAL A   8 "    H108    Z pdb=" N   VAL A   8 " X pdb=" C   ILE A   7 "
   pdb=" HA  VAL A   8 "    H103    Z pdb=" CA  VAL A   8 " X pdb=" N   VAL A   8 "
   pdb=" HB  VAL A   8 "    H103    Z pdb=" CB  VAL A   8 " X pdb=" CG1 VAL A   8 "
   pdb="HG11 VAL A   8 "    H101    Z pdb=" CG1 VAL A   8 " X pdb=" CB  VAL A   8 "
   pdb="HG12 VAL A   8 "    H101    Z pdb=" CG1 VAL A   8 " X pdb=" CB  VAL A   8 "
   pdb="HG13 VAL A   8 "    H101    Z pdb=" CG1 VAL A   8 " X pdb=" CB  VAL A   8 "
   pdb="HG21 VAL A   8 "    H101    Z pdb=" CG2 VAL A   8 " X pdb=" CB  VAL A   8 "
   pdb="HG22 VAL A   8 "    H101    Z pdb=" CG2 VAL A   8 " X pdb=" CB  VAL A   8 "
   pdb="HG23 VAL A   8 "    H101    Z pdb=" CG2 VAL A   8 " X pdb=" CB  VAL A   8 "
   pdb=" N   ALA A   9 "    N315    X pdb=" C   VAL A   8 " Y pdb=" CA  ALA A   9 "
   pdb=" CA  ALA A   9 "    C421    X pdb=" N   ALA A   9 " Y pdb=" C   ALA A   9 "
   pdb=" C   ALA A   9 "    C304    X pdb=" O   ALA A   9 " Y pdb=" N   ARG A  10 "
   pdb=" O   ALA A   9 "   O1051    X pdb=" C   ALA A   9 " Y pdb=" N   ARG A  10 "
   pdb=" CB  ALA A   9 "    C401    Z pdb=" CA  ALA A   9 " X pdb=" HB2 ALA A   9 "
   pdb=" H   ALA A   9 "    H108    Z pdb=" N   ALA A   9 " X pdb=" C   VAL A   8 "
   pdb=" HA  ALA A   9 "    H103    Z pdb=" CA  ALA A   9 " X pdb=" N   ALA A   9 "
   pdb=" HB1 ALA A   9 "    H101    Z pdb=" CB  ALA A   9 " X pdb=" CA  ALA A   9 "
   pdb=" HB2 ALA A   9 "    H101    Z pdb=" CB  ALA A   9 " X pdb=" CA  ALA A   9 "
   pdb=" HB3 ALA A   9 "    H101    Z pdb=" CB  ALA A   9 " X pdb=" CA  ALA A   9 "
   pdb=" N   ARG A  10 "    N315    X pdb=" C   ALA A   9 " Y pdb=" CA  ARG A  10 "
   pdb=" CA  ARG A  10 "    C421    X pdb=" N   ARG A  10 " Y pdb=" C   ARG A  10 "
   pdb=" C   ARG A  10 "    C304    X pdb=" O   ARG A  10 " Y pdb=" N   SER A  11 "
   pdb=" O   ARG A  10 "   O1051    X pdb=" C   ARG A  10 " Y pdb=" N   SER A  11 "
   pdb=" CB  ARG A  10 "   C404a    Z average_direction(pdb=" CG  ARG A  10 ",pdb=" CA  ARG A  10 ") X pdb=" HB3 ARG A  10 "
   pdb=" CG  ARG A  10 "   C404a    Z average_direction(pdb=" CD  ARG A  10 ",pdb=" CB  ARG A  10 ") X pdb=" HG3 ARG A  10 "
   pdb=" CD  ARG A  10 "    C418    X pdb=" NE  ARG A  10 " Y pdb=" CG  ARG A  10 "
   pdb=" NE  ARG A  10 "    N315    X pdb=" CZ  ARG A  10 " Y pdb=" CD  ARG A  10 "
   pdb=" CZ  ARG A  10 "    C310    X pdb=" NH1 ARG A  10 " Y pdb=" NH2 ARG A  10 "
   pdb=" NH1 ARG A  10 "    N310    Z pdb=" CZ  ARG A  10 " X pdb="HH12 ARG A  10 "
   pdb=" NH2 ARG A  10 "    N310    Z pdb=" CZ  ARG A  10 " X pdb="HH22 ARG A  10 "
   pdb=" H   ARG A  10 "    H108    Z pdb=" N   ARG A  10 " X pdb=" C   ALA A   9 "
   pdb=" HA  ARG A  10 "    H103    Z pdb=" CA  ARG A  10 " X pdb=" N   ARG A  10 "
   pdb=" HB2 ARG A  10 "    H102    Z pdb=" CB  ARG A  10 " X pdb=" CA  ARG A  10 "
   pdb=" HB3 ARG A  10 "    H102    Z pdb=" CB  ARG A  10 " X pdb=" CA  ARG A  10 "
   pdb=" HG2 ARG A  10 "    H102    Z pdb=" CG  ARG A  10 " X pdb=" CB  ARG A  10 "
   pdb=" HG3 ARG A  10 "    H102    Z pdb=" CG  ARG A  10 " X pdb=" CB  ARG A  10 "
   pdb=" HD2 ARG A  10 "    H102    Z pdb=" CD  ARG A  10 " X pdb=" NE  ARG A  10 "
   pdb=" HD3 ARG A  10 "    H102    Z pdb=" CD  ARG A  10 " X pdb=" NE  ARG A  10 "
   pdb=" HE  ARG A  10 "    H108    Z pdb=" NE  ARG A  10 " X pdb=" CZ  ARG A  10 "
   pdb="HH11 ARG A  10 "    H107    Z pdb=" NH1 ARG A  10 " X pdb=" CZ  ARG A  10 "
   pdb="HH12 ARG A  10 "    H107    Z pdb=" NH1 ARG A  10 " X pdb=" CZ  ARG A  10 "
   pdb="HH21 ARG A  10 "    H107    Z pdb=" NH2 ARG A  10 " X pdb=" CZ  ARG A  10 "
   pdb="HH22 ARG A  10 "    H107    Z pdb=" NH2 ARG A  10 " X pdb=" CZ  ARG A  10 "
   pdb=" N   SER A  11 "    N315    X pdb=" C   ARG A  10 " Y pdb=" CA  SER A  11 "
   pdb=" CA  SER A  11 "    C421    X pdb=" N   SER A  11 " Y pdb=" C   SER A  11 "
   pdb=" C   SER A  11 "    C304    X pdb=" O   SER A  11 " Y pdb=" N   ASN A  12 "
   pdb=" O   SER A  11 "   O1051    X pdb=" C   SER A  11 " Y pdb=" N   ASN A  12 "
   pdb=" CB  SER A  11 "    C429    X pdb=" OG  SER A  11 " Y pdb=" CA  SER A  11 "
   pdb=" OG  SER A  11 "   O205a    X pdb=" CB  SER A  11 " Y pdb=" HG  SER A  11 "
   pdb=" H   SER A  11 "    H108    Z pdb=" N   SER A  11 " X pdb=" C   ARG A  10 "
   pdb=" HA  SER A  11 "    H103    Z pdb=" CA  SER A  11 " X pdb=" N   SER A  11 "
   pdb=" HB2 SER A  11 "    H102    Z pdb=" CB  SER A  11 " X pdb=" OG  SER A  11 "
   pdb=" HB3 SER A  11 "    H102    Z pdb=" CB  SER A  11 " X pdb=" OG  SER A  11 "
   pdb=" HG  SER A  11 "    H112    Z pdb=" OG  SER A  11 " X pdb=" CB  SER A  11 "
   pdb=" N   ASN A  12 "    N315    X pdb=" C   SER A  11 " Y pdb=" CA  ASN A  12 "
   pdb=" CA  ASN A  12 "    C421    X pdb=" N   ASN A  12 " Y pdb=" C   ASN A  12 "
   pdb=" C   ASN A  12 "    C304    X pdb=" O   ASN A  12 " Y pdb=" N   PHE A  13 "
   pdb=" O   ASN A  12 "   O1051    X pdb=" C   ASN A  12 " Y pdb=" N   PHE A  13 "
   pdb=" CB  ASN A  12 "    C405    X pdb=" CG  ASN A  12 " Y pdb=" CA  ASN A  12 "
   pdb=" CG  ASN A  12 "    C304    X pdb=" OD1 ASN A  12 " Y pdb=" ND2 ASN A  12 "
   pdb=" OD1 ASN A  12 "   O1051    X pdb=" CG  ASN A  12 " Y pdb=" ND2 ASN A  12 "
   pdb=" ND2 ASN A  12 "    N310    Z pdb=" CG  ASN A  12 " X pdb="HD22 ASN A  12 "
   pdb=" H   ASN A  12 "    H108    Z pdb=" N   ASN A  12 " X pdb=" C   SER A  11 "
   pdb=" HA  ASN A  12 "    H103    Z pdb=" CA  ASN A  12 " X pdb=" N   ASN A  12 "
   pdb=" HB2 ASN A  12 "    H102    Z pdb=" CB  ASN A  12 " X pdb=" CG  ASN A  12 "
   pdb=" HB3 ASN A  12 "    H102    Z pdb=" CB  ASN A  12 " X pdb=" CG  ASN A  12 "
   pdb="HD21 ASN A  12 "    H107    Z pdb=" ND2 ASN A  12 " X pdb=" CG  ASN A  12 "
   pdb="HD22 ASN A  12 "    H107    Z pdb=" ND2 ASN A  12 " X pdb=" CG  ASN A  12 "
   pdb=" N   PHE A  13 "    N315    X pdb=" C   ASN A  12 " Y pdb=" CA  PHE A  13 "
   pdb=" CA  PHE A  13 "    C421    X pdb=" N   PHE A  13 " Y pdb=" C   PHE A  13 "
   pdb=" C   PHE A  13 "    C304    X pdb=" O   PHE A  13 " Y pdb=" N   ASN A  14 "
   pdb=" O   PHE A  13 "   O1051    X pdb=" C   PHE A  13 " Y pdb=" N   ASN A  14 "
   pdb=" CB  PHE A  13 "    C405    X pdb=" CG  PHE A  13 " Y pdb=" CA  PHE A  13 "
   pdb=" CG  PHE A  13 "    C332    X average_position(pdb=" CG  PHE A  13 ",pdb=" CD1 PHE A  13 ",pdb=" CE1 PHE A  13 ",pdb=" CZ  PHE A  13 ",pdb=" CE2 PHE A  13 ",pdb=" CD2 PHE A  13 ") Y pdb=" CD1 PHE A  13 "
   pdb=" CD1 PHE A  13 "    C330    X average_position(pdb=" CG  PHE A  13 ",pdb=" CD1 PHE A  13 ",pdb=" CE1 PHE A  13 ",pdb=" CZ  PHE A  13 ",pdb=" CE2 PHE A  13 ",pdb=" CD2 PHE A  13 ") Y pdb=" CG  PHE A  13 "
   pdb=" CD2 PHE A  13 "    C330    X average_position(pdb=" CG  PHE A  13 ",pdb=" CD1 PHE A  13 ",pdb=" CE1 PHE A  13 ",pdb=" CZ  PHE A  13 ",pdb=" CE2 PHE A  13 ",pdb=" CD2 PHE A  13 ") Y pdb=" CE2 PHE A  13 "
   pdb=" CE1 PHE A  13 "    C330    X average_position(pdb=" CG  PHE A  13 ",pdb=" CD1 PHE A  13 ",pdb=" CE1 PHE A  13 ",pdb=" CZ  PHE A  13 ",pdb=" CE2 PHE A  13 ",pdb=" CD2 PHE A  13 ") Y pdb=" CZ  PHE A  13 "
   pdb=" CE2 PHE A  13 "    C330    X average_position(pdb=" CG  PHE A  13 ",pdb=" CD1 PHE A  13 ",pdb=" CE1 PHE A  13 ",pdb=" CZ  PHE A  13 ",pdb=" CE2 PHE A  13 ",pdb=" CD2 PHE A  13 ") Y pdb=" CD2 PHE A  13 "
   pdb=" CZ  PHE A  13 "    C330    X average_position(pdb=" CG  PHE A  13 ",pdb=" CD1 PHE A  13 ",pdb=" CE1 PHE A  13 ",pdb=" CZ  PHE A  13 ",pdb=" CE2 PHE A  13 ",pdb=" CD2 PHE A  13 ") Y pdb=" CE1 PHE A  13 "
   pdb=" H   PHE A  13 "    H108    Z pdb=" N   PHE A  13 " X pdb=" C   ASN A  12 "
   pdb=" HA  PHE A  13 "    H103    Z pdb=" CA  PHE A  13 " X pdb=" N   PHE A  13 "
   pdb=" HB2 PHE A  13 "    H102    Z pdb=" CB  PHE A  13 " X pdb=" CG  PHE A  13 "
   pdb=" HB3 PHE A  13 "    H102    Z pdb=" CB  PHE A  13 " X pdb=" CG  PHE A  13 "
   pdb=" HD1 PHE A  13 "    H104    Z pdb=" CD1 PHE A  13 " X pdb=" CG  PHE A  13 "
   pdb=" HD2 PHE A  13 "    H104    Z pdb=" CD2 PHE A  13 " X pdb=" CE2 PHE A  13 "
   pdb=" HE1 PHE A  13 "    H104    Z pdb=" CE1 PHE A  13 " X pdb=" CZ  PHE A  13 "
   pdb=" HE2 PHE A  13 "    H104    Z pdb=" CE2 PHE A  13 " X pdb=" CD2 PHE A  13 "
   pdb=" HZ  PHE A  13 "    H104    Z pdb=" CZ  PHE A  13 " X pdb=" CE1 PHE A  13 "
   pdb=" N   ASN A  14 "    N315    X pdb=" C   PHE A  13 " Y pdb=" CA  ASN A  14 "
   pdb=" CA  ASN A  14 "    C421    X pdb=" N   ASN A  14 " Y pdb=" C   ASN A  14 "
   pdb=" C   ASN A  14 "    C304    X pdb=" O   ASN A  14 " Y pdb=" N   VAL A  15 "
   pdb=" O   ASN A  14 "   O1051    X pdb=" C   ASN A  14 " Y pdb=" N   VAL A  15 "
   pdb=" CB  ASN A  14 "    C405    X pdb=" CG  ASN A  14 " Y pdb=" CA  ASN A  14 "
   pdb=" CG  ASN A  14 "    C304    X pdb=" OD1 ASN A  14 " Y pdb=" ND2 ASN A  14 "
   pdb=" OD1 ASN A  14 "   O1051    X pdb=" CG  ASN A  14 " Y pdb=" ND2 ASN A  14 "
   pdb=" ND2 ASN A  14 "    N310    Z pdb=" CG  ASN A  14 " X pdb="HD21 ASN A  14 "
   pdb=" H   ASN A  14 "    H108    Z pdb=" N   ASN A  14 " X pdb=" C   PHE A  13 "
   pdb=" HA  ASN A  14 "    H103    Z pdb=" CA  ASN A  14 " X pdb=" N   ASN A  14 "
   pdb=" HB2 ASN A  14 "    H102    Z pdb=" CB  ASN A  14 " X pdb=" CG  ASN A  14 "
   pdb=" HB3 ASN A  14 "    H102    Z pdb=" CB  ASN A  14 " X pdb=" CG  ASN A  14 "
   pdb="HD21 ASN A  14 "    H107    Z pdb=" ND2 ASN A  14 " X pdb=" CG  ASN A  14 "
   pdb="HD22 ASN A  14 "    H107    Z pdb=" ND2 ASN A  14 " X pdb=" CG  ASN A  14 "
   pdb=" N   VAL A  15 "    N315    X pdb=" C   ASN A  14 " Y pdb=" CA  VAL A  15 "
   pdb=" CA  VAL A  15 "    C421    X pdb=" N   VAL A  15 " Y pdb=" C   VAL A  15 "
   pdb=" C   VAL A  15 "    C304    X pdb=" O   VAL A  15 " Y pdb=" N   CYS A  16 "
   pdb=" O   VAL A  15 "   O1051    X pdb=" C   VAL A  15 " Y pdb=" N   CYS A  16 "
   pdb=" CB  VAL A  15 "    C402    Z pdb=" HB  VAL A  15 " X pdb=" CG1 VAL A  15 "
   pdb=" CG1 VAL A  15 "    C401    Z pdb=" CB  VAL A  15 " X pdb="HG11 VAL A  15 "
   pdb=" CG2 VAL A  15 "    C401    Z pdb=" CB  VAL A  15 " X pdb="HG21 VAL A  15 "
   pdb=" H   VAL A  15 "    H108    Z pdb=" N   VAL A  15 " X pdb=" C   ASN A  14 "
   pdb=" HA  VAL A  15 "    H103    Z pdb=" CA  VAL A  15 " X pdb=" N   VAL A  15 "
   pdb=" HB  VAL A  15 "    H103    Z pdb=" CB  VAL A  15 " X pdb=" CG1 VAL A  15 "
   pdb="HG11 VAL A  15 "    H101    Z pdb=" CG1 VAL A  15 " X pdb=" CB  VAL A  15 "
   pdb="HG12 VAL A  15 "    H101    Z pdb=" CG1 VAL A  15 " X pdb=" CB  VAL A  15 "
   pdb="HG13 VAL A  15 "    H101    Z pdb=" CG1 VAL A  15 " X pdb=" CB  VAL A  15 "
   pdb="HG21 VAL A  15 "    H101    Z pdb=" CG2 VAL A  15 " X pdb=" CB  VAL A  15 "
   pdb="HG22 VAL A  15 "    H101    Z pdb=" CG2 VAL A  15 " X pdb=" CB  VAL A  15 "
   pdb="HG23 VAL A  15 "    H101    Z pdb=" CG2 VAL A  15 " X pdb=" CB  VAL A  15 "
   pdb=" N   CYS A  16 "    N315    X pdb=" C   VAL A  15 " Y pdb=" CA  CYS A  16 "
   pdb=" CA  CYS A  16 "    C421    X pdb=" N   CYS A  16 " Y pdb=" C   CYS A  16 "
   pdb=" C   CYS A  16 "    C304    X pdb=" O   CYS A  16 " Y pdb=" N   ARG A  17 "
   pdb=" O   CYS A  16 "   O1051    X pdb=" C   CYS A  16 " Y pdb=" N   ARG A  17 "
   pdb=" CB  CYS A  16 "    C434    X pdb=" SG  CYS A  16 " Y pdb=" CA  CYS A  16 "
   pdb=" SG  CYS A  16 "    S203    X pdb=" SG  CYS A  26 " Y pdb=" CB  CYS A  16 "
   pdb=" H   CYS A  16 "    H108    Z pdb=" N   CYS A  16 " X pdb=" C   VAL A  15 "
   pdb=" HA  CYS A  16 "    H103    Z pdb=" CA  CYS A  16 " X pdb=" N   CYS A  16 "
   pdb=" HB2 CYS A  16 "    H102    Z pdb=" CB  CYS A  16 " X pdb=" SG  CYS A  16 "
   pdb=" HB3 CYS A  16 "    H102    Z pdb=" CB  CYS A  16 " X pdb=" SG  CYS A  16 "
   pdb=" N   ARG A  17 "    N315    X pdb=" C   CYS A  16 " Y pdb=" CA  ARG A  17 "
   pdb=" CA  ARG A  17 "    C421    X pdb=" N   ARG A  17 " Y pdb=" C   ARG A  17 "
   pdb=" C   ARG A  17 "    C304    X pdb=" O   ARG A  17 " Y pdb=" N   LEU A  18 "
   pdb=" O   ARG A  17 "   O1051    X pdb=" C   ARG A  17 " Y pdb=" N   LEU A  18 "
   pdb=" CB  ARG A  17 "   C404a    Z average_direction(pdb=" CG  ARG A  17 ",pdb=" CA  ARG A  17 ") X pdb=" HB2 ARG A  17 "
   pdb=" CG  ARG A  17 "   C404a    Z average_direction(pdb=" CD  ARG A  17 ",pdb=" CB  ARG A  17 ") X pdb=" HG2 ARG A  17 "
   pdb=" CD  ARG A  17 "    C418    X pdb=" NE  ARG A  17 " Y pdb=" CG  ARG A  17 "
   pdb=" NE  ARG A  17 "    N315    X pdb=" CZ  ARG A  17 " Y pdb=" CD  ARG A  17 "
   pdb=" CZ  ARG A  17 "    C310    X pdb=" NH2 ARG A  17 " Y pdb=" NE  ARG A  17 "
   pdb=" NH1 ARG A  17 "    N310    Z pdb=" CZ  ARG A  17 " X pdb="HH12 ARG A  17 "
   pdb=" NH2 ARG A  17 "    N310    Z pdb=" CZ  ARG A  17 " X pdb="HH22 ARG A  17 "
   pdb=" H   ARG A  17 "    H108    Z pdb=" N   ARG A  17 " X pdb=" C   CYS A  16 "
   pdb=" HA  ARG A  17 "    H103    Z pdb=" CA  ARG A  17 " X pdb=" N   ARG A  17 "
   pdb=" HB2 ARG A  17 "    H102    Z pdb=" CB  ARG A  17 " X pdb=" CG  ARG A  17 "
   pdb=" HB3 ARG A  17 "    H102    Z pdb=" CB  ARG A  17 " X pdb=" CG  ARG A  17 "
   pdb=" HG2 ARG A  17 "    H102    Z pdb=" CG  ARG A  17 " X pdb=" CD  ARG A  17 "
   pdb=" HG3 ARG A  17 "    H102    Z pdb=" CG  ARG A  17 " X pdb=" CD  ARG A  17 "
   pdb=" HD2 ARG A  17 "    H102    Z pdb=" CD  ARG A  17 " X pdb=" NE  ARG A  17 "
   pdb=" HD3 ARG A  17 "    H102    Z pdb=" CD  ARG A  17 " X pdb=" NE  ARG A  17 "
   pdb=" HE  ARG A  17 "    H108    Z pdb=" NE  ARG A  17 " X pdb=" CZ  ARG A  17 "
   pdb="HH11 ARG A  17 "    H107    Z pdb=" NH1 ARG A  17 " X pdb=" CZ  ARG A  17 "
   pdb="HH12 ARG A  17 "    H107    Z pdb=" NH1 ARG A  17 " X pdb=" CZ  ARG A  17 "
   pdb="HH21 ARG A  17 "    H107    Z pdb=" NH2 ARG A  17 " X pdb=" CZ  ARG A  17 "
   pdb="HH22 ARG A  17 "    H107    Z pdb=" NH2 ARG A  17 " X pdb=" CZ  ARG A  17 "
   pdb=" N   LEU A  18 "    N315    X pdb=" C   ARG A  17 " Y pdb=" CA  LEU A  18 "
   pdb=" CA  LEU A  18 "    C421    X pdb=" N   LEU A  18 " Y pdb=" C   LEU A  18 "
   pdb=" C   LEU A  18 "    C304    X pdb=" O   LEU A  18 " Y pdb=" N   PRO A  19 "
   pdb=" O   LEU A  18 "   O1051    X pdb=" C   LEU A  18 " Y pdb=" N   PRO A  19 "
   pdb=" CB  LEU A  18 "   C404a    Z average_direction(pdb=" CG  LEU A  18 ",pdb=" CA  LEU A  18 ") X pdb=" HB3 LEU A  18 "
   pdb=" CG  LEU A  18 "    C402    Z pdb=" HG  LEU A  18 " X pdb=" CB  LEU A  18 "
   pdb=" CD1 LEU A  18 "    C401    Z pdb=" CG  LEU A  18 " X pdb="HD12 LEU A  18 "
   pdb=" CD2 LEU A  18 "    C401    Z pdb=" CG  LEU A  18 " X pdb="HD23 LEU A  18 "
   pdb=" H   LEU A  18 "    H108    Z pdb=" N   LEU A  18 " X pdb=" C   ARG A  17 "
   pdb=" HA  LEU A  18 "    H103    Z pdb=" CA  LEU A  18 " X pdb=" N   LEU A  18 "
   pdb=" HB2 LEU A  18 "    H102    Z pdb=" CB  LEU A  18 " X pdb=" CG  LEU A  18 "
   pdb=" HB3 LEU A  18 "    H102    Z pdb=" CB  LEU A  18 " X pdb=" CG  LEU A  18 "
   pdb=" HG  LEU A  18 "    H103    Z pdb=" CG  LEU A  18 " X pdb=" CB  LEU A  18 "
   pdb="HD11 LEU A  18 "    H101    Z pdb=" CD1 LEU A  18 " X pdb=" CG  LEU A  18 "
   pdb="HD12 LEU A  18 "    H101    Z pdb=" CD1 LEU A  18 " X pdb=" CG  LEU A  18 "
   pdb="HD13 LEU A  18 "    H101    Z pdb=" CD1 LEU A  18 " X pdb=" CG  LEU A  18 "
   pdb="HD21 LEU A  18 "    H101    Z pdb=" CD2 LEU A  18 " X pdb=" CG  LEU A  18 "
   pdb="HD22 LEU A  18 "    H101    Z pdb=" CD2 LEU A  18 " X pdb=" CG  LEU A  18 "
   pdb="HD23 LEU A  18 "    H101    Z pdb=" CD2 LEU A  18 " X pdb=" CG  LEU A  18 "
   pdb=" N   PRO A  19 "    N313    Z pdb=" C   LEU A  18 " X pdb=" CA  PRO A  19 "
   pdb=" CA  PRO A  19 "    C421    X pdb=" N   PRO A  19 " Y pdb=" C   PRO A  19 "
   pdb=" C   PRO A  19 "    C304    X pdb=" O   PRO A  19 " Y pdb=" N   GLY A  20 "
   pdb=" O   PRO A  19 "   O1051    X pdb=" C   PRO A  19 " Y pdb=" N   GLY A  20 "
   pdb=" CB  PRO A  19 "   C404a    Z average_direction(pdb=" CG  PRO A  19 ",pdb=" CA  PRO A  19 ") X pdb=" HB3 PRO A  19 "
   pdb=" CG  PRO A  19 "   C404a    Z average_direction(pdb=" CD  PRO A  19 ",pdb=" CB  PRO A  19 ") X pdb=" HG2 PRO A  19 "
   pdb=" CD  PRO A  19 "    C418    X pdb=" N   PRO A  19 " Y pdb=" CG  PRO A  19 "
   pdb=" HA  PRO A  19 "    H103    Z pdb=" CA  PRO A  19 " X pdb=" N   PRO A  19 "
   pdb=" HB2 PRO A  19 "    H102    Z pdb=" CB  PRO A  19 " X pdb=" CG  PRO A  19 "
   pdb=" HB3 PRO A  19 "    H102    Z pdb=" CB  PRO A  19 " X pdb=" CG  PRO A  19 "
   pdb=" HG2 PRO A  19 "    H102    Z pdb=" CG  PRO A  19 " X pdb=" CB  PRO A  19 "
   pdb=" HG3 PRO A  19 "    H102    Z pdb=" CG  PRO A  19 " X pdb=" CB  PRO A  19 "
   pdb=" HD2 PRO A  19 "    H102    Z pdb=" CD  PRO A  19 " X pdb=" N   PRO A  19 "
   pdb=" HD3 PRO A  19 "    H102    Z pdb=" CD  PRO A  19 " X pdb=" N   PRO A  19 "
   pdb=" N   GLY A  20 "    N315    X pdb=" C   PRO A  19 " Y pdb=" CA  GLY A  20 "
   pdb=" CA  GLY A  20 "    C418    X pdb=" N   GLY A  20 " Y pdb=" C   GLY A  20 "
   pdb=" C   GLY A  20 "    C304    X pdb=" O   GLY A  20 " Y pdb=" N   THR A  21 "
   pdb=" O   GLY A  20 "   O1051    X pdb=" C   GLY A  20 " Y pdb=" N   THR A  21 "
   pdb=" H   GLY A  20 "    H108    Z pdb=" N   GLY A  20 " X pdb=" C   PRO A  19 "
   pdb=" HA2 GLY A  20 "    H102    Z pdb=" CA  GLY A  20 " X pdb=" N   GLY A  20 "
   pdb=" HA3 GLY A  20 "    H102    Z pdb=" CA  GLY A  20 " X pdb=" N   GLY A  20 "
   pdb=" N   THR A  21 "    N315    X pdb=" C   GLY A  20 " Y pdb=" CA  THR A  21 "
   pdb=" CA  THR A  21 "    C421    X pdb=" N   THR A  21 " Y pdb=" C   THR A  21 "
   pdb=" C   THR A  21 "    C304    X pdb=" O   THR A  21 " Y pdb=" N   PRO A  22 "
   pdb=" O   THR A  21 "   O1051    X pdb=" C   THR A  21 " Y pdb=" N   PRO A  22 "
   pdb=" CB  THR A  21 "    C430    X pdb=" OG1 THR A  21 " Y pdb=" HB  THR A  21 "
   pdb=" OG1 THR A  21 "   O205a    X pdb=" CB  THR A  21 " Y pdb=" HG1 THR A  21 "
   pdb=" CG2 THR A  21 "    C401    Z pdb=" CB  THR A  21 " X pdb="HG23 THR A  21 "
   pdb=" H   THR A  21 "    H108    Z pdb=" N   THR A  21 " X pdb=" C   GLY A  20 "
   pdb=" HA  THR A  21 "    H103    Z pdb=" CA  THR A  21 " X pdb=" N   THR A  21 "
   pdb=" HB  THR A  21 "    H103    Z pdb=" CB  THR A  21 " X pdb=" OG1 THR A  21 "
   pdb=" HG1 THR A  21 "    H112    Z pdb=" OG1 THR A  21 " X pdb=" CB  THR A  21 "
   pdb="HG21 THR A  21 "    H101    Z pdb=" CG2 THR A  21 " X pdb=" CB  THR A  21 "
   pdb="HG22 THR A  21 "    H101    Z pdb=" CG2 THR A  21 " X pdb=" CB  THR A  21 "
   pdb="HG23 THR A  21 "    H101    Z pdb=" CG2 THR A  21 " X pdb=" CB  THR A  21 "
   pdb=" N   PRO A  22 "    N313    Z pdb=" C   THR A  21 " X pdb=" CA  PRO A  22 "
   pdb=" CA  PRO A  22 "    C421    X pdb=" N   PRO A  22 " Y pdb=" C   PRO A  22 "
   pdb=" C   PRO A  22 "    C304    X pdb=" O   PRO A  22 " Y pdb=" N   GLU A  23 "
   pdb=" O   PRO A  22 "   O1051    X pdb=" C   PRO A  22 " Y pdb=" N   GLU A  23 "
   pdb=" CB  PRO A  22 "   C404a    Z average_direction(pdb=" CG  PRO A  22 ",pdb=" CA  PRO A  22 ") X pdb=" HB2 PRO A  22 "
   pdb=" CG  PRO A  22 "   C404a    Z average_direction(pdb=" CD  PRO A  22 ",pdb=" CB  PRO A  22 ") X pdb=" HG2 PRO A  22 "
   pdb=" CD  PRO A  22 "    C418    X pdb=" N   PRO A  22 " Y pdb=" CG  PRO A  22 "
   pdb=" HA  PRO A  22 "    H103    Z pdb=" CA  PRO A  22 " X pdb=" N   PRO A  22 "
   pdb=" HB2 PRO A  22 "    H102    Z pdb=" CB  PRO A  22 " X pdb=" CG  PRO A  22 "
   pdb=" HB3 PRO A  22 "    H102    Z pdb=" CB  PRO A  22 " X pdb=" CG  PRO A  22 "
   pdb=" HG2 PRO A  22 "    H102    Z pdb=" CG  PRO A  22 " X pdb=" CB  PRO A  22 "
   pdb=" HG3 PRO A  22 "    H102    Z pdb=" CG  PRO A  22 " X pdb=" CB  PRO A  22 "
   pdb=" HD2 PRO A  22 "    H102    Z pdb=" CD  PRO A  22 " X pdb=" N   PRO A  22 "
   pdb=" HD3 PRO A  22 "    H102    Z pdb=" CD  PRO A  22 " X pdb=" N   PRO A  22 "
   pdb=" N   GLU A  23 "    N315    X pdb=" C   PRO A  22 " Y pdb=" CA  GLU A  23 "
   pdb=" CA  GLU A  23 "    C421    X pdb=" N   GLU A  23 " Y pdb=" C   GLU A  23 "
   pdb=" C   GLU A  23 "    C304    X pdb=" O   GLU A  23 " Y pdb=" N   ALA A  24 "
   pdb=" O   GLU A  23 "   O1051    X pdb=" C   GLU A  23 " Y pdb=" N   ALA A  24 "
   pdb=" CB  GLU A  23 "   C404a    Z average_direction(pdb=" CG  GLU A  23 ",pdb=" CA  GLU A  23 ") X pdb=" HB2 GLU A  23 "
   pdb=" CG  GLU A  23 "    C405    X pdb=" CD  GLU A  23 " Y pdb=" CB  GLU A  23 "
   pdb=" CD  GLU A  23 "    C301    Z pdb=" CG  GLU A  23 " X pdb=" OE1 GLU A  23 "
   pdb=" OE1 GLU A  23 "    O101    X pdb=" CD  GLU A  23 " Y pdb=" OE2 GLU A  23 "
   pdb=" OE2 GLU A  23 "    O101    X pdb=" CD  GLU A  23 " Y pdb=" OE1 GLU A  23 "
   pdb=" H   GLU A  23 "    H108    Z pdb=" N   GLU A  23 " X pdb=" C   PRO A  22 "
   pdb=" HA  GLU A  23 "    H103    Z pdb=" CA  GLU A  23 " X pdb=" N   GLU A  23 "
   pdb=" HB2 GLU A  23 "    H102    Z pdb=" CB  GLU A  23 " X pdb=" CG  GLU A  23 "
   pdb=" HB3 GLU A  23 "    H102    Z pdb=" CB  GLU A  23 " X pdb=" CG  GLU A  23 "
   pdb=" HG2 GLU A  23 "    H102    Z pdb=" CG  GLU A  23 " X pdb=" CD  GLU A  23 "
   pdb=" HG3 GLU A  23 "    H102    Z pdb=" CG  GLU A  23 " X pdb=" CD  GLU A  23 "
   pdb=" N   ALA A  24 "    N315    X pdb=" C   GLU A  23 " Y pdb=" CA  ALA A  24 "
   pdb=" CA  ALA A  24 "    C421    X pdb=" N   ALA A  24 " Y pdb=" C   ALA A  24 "
   pdb=" C   ALA A  24 "    C304    X pdb=" O   ALA A  24 " Y pdb=" N   LEU A  25 "
   pdb=" O   ALA A  24 "   O1051    X pdb=" C   ALA A  24 " Y pdb=" N   LEU A  25 "
   pdb=" CB  ALA A  24 "    C401    Z pdb=" CA  ALA A  24 " X pdb=" HB2 ALA A  24 "
   pdb=" H   ALA A  24 "    H108    Z pdb=" N   ALA A  24 " X pdb=" C   GLU A  23 "
   pdb=" HA  ALA A  24 "    H103    Z pdb=" CA  ALA A  24 " X pdb=" N   ALA A  24 "
   pdb=" HB1 ALA A  24 "    H101    Z pdb=" CB  ALA A  24 " X pdb=" CA  ALA A  24 "
   pdb=" HB2 ALA A  24 "    H101    Z pdb=" CB  ALA A  24 " X pdb=" CA  ALA A  24 "
   pdb=" HB3 ALA A  24 "    H101    Z pdb=" CB  ALA A  24 " X pdb=" CA  ALA A  24 "
   pdb=" N   LEU A  25 "    N315    X pdb=" C   ALA A  24 " Y pdb=" CA  LEU A  25 "
   pdb=" CA  LEU A  25 "    C421    X pdb=" N   LEU A  25 " Y pdb=" C   LEU A  25 "
   pdb=" C   LEU A  25 "    C304    X pdb=" O   LEU A  25 " Y pdb=" N   CYS A  26 "
   pdb=" O   LEU A  25 "   O1051    X pdb=" C   LEU A  25 " Y pdb=" N   CYS A  26 "
   pdb=" CB  LEU A  25 "   C404a    Z average_direction(pdb=" CG  LEU A  25 ",pdb=" CA  LEU A  25 ") X pdb=" HB3 LEU A  25 "
   pdb=" CG  LEU A  25 "    C402    Z pdb=" HG  LEU A  25 " X pdb=" CD1 LEU A  25 "
   pdb=" CD1 LEU A  25 "    C401    Z pdb=" CG  LEU A  25 " X pdb="HD11 LEU A  25 "
   pdb=" CD2 LEU A  25 "    C401    Z pdb=" CG  LEU A  25 " X pdb="HD23 LEU A  25 "
   pdb=" H   LEU A  25 "    H108    Z pdb=" N   LEU A  25 " X pdb=" C   ALA A  24 "
   pdb=" HA  LEU A  25 "    H103    Z pdb=" CA  LEU A  25 " X pdb=" N   LEU A  25 "
   pdb=" HB2 LEU A  25 "    H102    Z pdb=" CB  LEU A  25 " X pdb=" CA  LEU A  25 "
   pdb=" HB3 LEU A  25 "    H102    Z pdb=" CB  LEU A  25 " X pdb=" CA  LEU A  25 "
   pdb=" HG  LEU A  25 "    H103    Z pdb=" CG  LEU A  25 " X pdb=" CD1 LEU A  25 "
   pdb="HD11 LEU A  25 "    H101    Z pdb=" CD1 LEU A  25 " X pdb=" CG  LEU A  25 "
   pdb="HD12 LEU A  25 "    H101    Z pdb=" CD1 LEU A  25 " X pdb=" CG  LEU A  25 "
   pdb="HD13 LEU A  25 "    H101    Z pdb=" CD1 LEU A  25 " X pdb=" CG  LEU A  25 "
   pdb="HD21 LEU A  25 "    H101    Z pdb=" CD2 LEU A  25 " X pdb=" CG  LEU A  25 "
   pdb="HD22 LEU A  25 "    H101    Z pdb=" CD2 LEU A  25 " X pdb=" CG  LEU A  25 "
   pdb="HD23 LEU A  25 "    H101    Z pdb=" CD2 LEU A  25 " X pdb=" CG  LEU A  25 "
   pdb=" N   CYS A  26 "    N315    X pdb=" C   LEU A  25 " Y pdb=" CA  CYS A  26 "
   pdb=" CA  CYS A  26 "    C421    X pdb=" N   CYS A  26 " Y pdb=" C   CYS A  26 "
   pdb=" C   CYS A  26 "    C304    X pdb=" O   CYS A  26 " Y pdb=" N   ALA A  27 "
   pdb=" O   CYS A  26 "   O1051    X pdb=" C   CYS A  26 " Y pdb=" N   ALA A  27 "
   pdb=" CB  CYS A  26 "    C434    X pdb=" SG  CYS A  26 " Y pdb=" CA  CYS A  26 "
   pdb=" SG  CYS A  26 "    S203    X pdb=" SG  CYS A  16 " Y pdb=" CB  CYS A  26 "
   pdb=" H   CYS A  26 "    H108    Z pdb=" N   CYS A  26 " X pdb=" C   LEU A  25 "
   pdb=" HA  CYS A  26 "    H103    Z pdb=" CA  CYS A  26 " X pdb=" N   CYS A  26 "
   pdb=" HB2 CYS A  26 "    H102    Z pdb=" CB  CYS A  26 " X pdb=" SG  CYS A  26 "
   pdb=" HB3 CYS A  26 "    H102    Z pdb=" CB  CYS A  26 " X pdb=" SG  CYS A  26 "
   pdb=" N   ALA A  27 "    N315    X pdb=" C   CYS A  26 " Y pdb=" CA  ALA A  27 "
   pdb=" CA  ALA A  27 "    C421    X pdb=" N   ALA A  27 " Y pdb=" C   ALA A  27 "
   pdb=" C   ALA A  27 "    C304    X pdb=" O   ALA A  27 " Y pdb=" N   THR A  28 "
   pdb=" O   ALA A  27 "   O1051    X pdb=" C   ALA A  27 " Y pdb=" N   THR A  28 "
   pdb=" CB  ALA A  27 "    C401    Z pdb=" CA  ALA A  27 " X pdb=" HB2 ALA A  27 "
   pdb=" H   ALA A  27 "    H108    Z pdb=" N   ALA A  27 " X pdb=" C   CYS A  26 "
   pdb=" HA  ALA A  27 "    H103    Z pdb=" CA  ALA A  27 " X pdb=" N   ALA A  27 "
   pdb=" HB1 ALA A  27 "    H101    Z pdb=" CB  ALA A  27 " X pdb=" CA  ALA A  27 "
   pdb=" HB2 ALA A  27 "    H101    Z pdb=" CB  ALA A  27 " X pdb=" CA  ALA A  27 "
   pdb=" HB3 ALA A  27 "    H101    Z pdb=" CB  ALA A  27 " X pdb=" CA  ALA A  27 "
   pdb=" N   THR A  28 "    N315    X pdb=" C   ALA A  27 " Y pdb=" CA  THR A  28 "
   pdb=" CA  THR A  28 "    C421    X pdb=" N   THR A  28 " Y pdb=" C   THR A  28 "
   pdb=" C   THR A  28 "    C304    X pdb=" O   THR A  28 " Y pdb=" N   TYR A  29 "
   pdb=" O   THR A  28 "   O1051    X pdb=" C   THR A  28 " Y pdb=" N   TYR A  29 "
   pdb=" CB  THR A  28 "    C430    X pdb=" OG1 THR A  28 " Y pdb=" HB  THR A  28 "
   pdb=" OG1 THR A  28 "   O205a    X pdb=" CB  THR A  28 " Y pdb=" HG1 THR A  28 "
   pdb=" CG2 THR A  28 "    C401    Z pdb=" CB  THR A  28 " X pdb="HG21 THR A  28 "
   pdb=" H   THR A  28 "    H108    Z pdb=" N   THR A  28 " X pdb=" C   ALA A  27 "
   pdb=" HA  THR A  28 "    H103    Z pdb=" CA  THR A  28 " X pdb=" N   THR A  28 "
   pdb=" HB  THR A  28 "    H103    Z pdb=" CB  THR A  28 " X pdb=" OG1 THR A  28 "
   pdb=" HG1 THR A  28 "    H112    Z pdb=" OG1 THR A  28 " X pdb=" CB  THR A  28 "
   pdb="HG21 THR A  28 "    H101    Z pdb=" CG2 THR A  28 " X pdb=" CB  THR A  28 "
   pdb="HG22 THR A  28 "    H101    Z pdb=" CG2 THR A  28 " X pdb=" CB  THR A  28 "
   pdb="HG23 THR A  28 "    H101    Z pdb=" CG2 THR A  28 " X pdb=" CB  THR A  28 "
   pdb=" N   TYR A  29 "    N315    X pdb=" C   THR A  28 " Y pdb=" CA  TYR A  29 "
   pdb=" CA  TYR A  29 "    C421    X pdb=" N   TYR A  29 " Y pdb=" C   TYR A  29 "
   pdb=" C   TYR A  29 "    C304    X pdb=" O   TYR A  29 " Y pdb=" N   THR A  30 "
   pdb=" O   TYR A  29 "   O1051    X pdb=" C   TYR A  29 " Y pdb=" N   THR A  30 "
   pdb=" CB  TYR A  29 "    C405    X pdb=" CG  TYR A  29 " Y pdb=" CA  TYR A  29 "
   pdb=" CG  TYR A  29 "    C332    X average_position(pdb=" CG  TYR A  29 ",pdb=" CD1 TYR A  29 ",pdb=" CE1 TYR A  29 ",pdb=" CZ  TYR A  29 ",pdb=" CE2 TYR A  29 ",pdb=" CD2 TYR A  29 ") Y pdb=" CD1 TYR A  29 "
   pdb=" CD1 TYR A  29 "    C330    X average_position(pdb=" CG  TYR A  29 ",pdb=" CD1 TYR A  29 ",pdb=" CE1 TYR A  29 ",pdb=" CZ  TYR A  29 ",pdb=" CE2 TYR A  29 ",pdb=" CD2 TYR A  29 ") Y pdb=" CE1 TYR A  29 "
   pdb=" CD2 TYR A  29 "    C330    X average_position(pdb=" CG  TYR A  29 ",pdb=" CD1 TYR A  29 ",pdb=" CE1 TYR A  29 ",pdb=" CZ  TYR A  29 ",pdb=" CE2 TYR A  29 ",pdb=" CD2 TYR A  29 ") Y pdb=" CE2 TYR A  29 "
   pdb=" CE1 TYR A  29 "    C330    X average_position(pdb=" CG  TYR A  29 ",pdb=" CD1 TYR A  29 ",pdb=" CE1 TYR A  29 ",pdb=" CZ  TYR A  29 ",pdb=" CE2 TYR A  29 ",pdb=" CD2 TYR A  29 ") Y pdb=" CZ  TYR A  29 "
   pdb=" CE2 TYR A  29 "    C330    X average_position(pdb=" CG  TYR A  29 ",pdb=" CD1 TYR A  29 ",pdb=" CE1 TYR A  29 ",pdb=" CZ  TYR A  29 ",pdb=" CE2 TYR A  29 ",pdb=" CD2 TYR A  29 ") Y pdb=" CZ  TYR A  29 "
   pdb=" CZ  TYR A  29 "   C341a    X average_position(pdb=" CG  TYR A  29 ",pdb=" CD1 TYR A  29 ",pdb=" CE1 TYR A  29 ",pdb=" CZ  TYR A  29 ",pdb=" CE2 TYR A  29 ",pdb=" CD2 TYR A  29 ") Y pdb=" CE1 TYR A  29 "
   pdb=" OH  TYR A  29 "    O204    X pdb=" CZ  TYR A  29 " Y pdb=" HH  TYR A  29 "
   pdb=" H   TYR A  29 "    H108    Z pdb=" N   TYR A  29 " X pdb=" C   THR A  28 "
   pdb=" HA  TYR A  29 "    H103    Z pdb=" CA  TYR A  29 " X pdb=" N   TYR A  29 "
   pdb=" HB2 TYR A  29 "    H102    Z pdb=" CB  TYR A  29 " X pdb=" CG  TYR A  29 "
   pdb=" HB3 TYR A  29 "    H102    Z pdb=" CB  TYR A  29 " X pdb=" CG  TYR A  29 "
   pdb=" HD1 TYR A  29 "    H104    Z pdb=" CD1 TYR A  29 " X pdb=" CE1 TYR A  29 "
   pdb=" HD2 TYR A  29 "    H104    Z pdb=" CD2 TYR A  29 " X pdb=" CE2 TYR A  29 "
   pdb=" HE1 TYR A  29 "    H104    Z pdb=" CE1 TYR A  29 " X pdb=" CZ  TYR A  29 "
   pdb=" HE2 TYR A  29 "    H104    Z pdb=" CE2 TYR A  29 " X pdb=" CZ  TYR A  29 "
   pdb=" HH  TYR A  29 "    H114    Z pdb=" OH  TYR A  29 " X pdb=" CZ  TYR A  29 "
   pdb=" N   THR A  30 "    N315    X pdb=" C   TYR A  29 " Y pdb=" CA  THR A  30 "
   pdb=" CA  THR A  30 "    C421    X pdb=" N   THR A  30 " Y pdb=" C   THR A  30 "
   pdb=" C   THR A  30 "    C304    X pdb=" O   THR A  30 " Y pdb=" N   GLY A  31 "
   pdb=" O   THR A  30 "   O1051    X pdb=" C   THR A  30 " Y pdb=" N   GLY A  31 "
   pdb=" CB  THR A  30 "    C430    X pdb=" OG1 THR A  30 " Y pdb=" HB  THR A  30 "
   pdb=" OG1 THR A  30 "   O205a    X pdb=" CB  THR A  30 " Y pdb=" HG1 THR A  30 "
   pdb=" CG2 THR A  30 "    C401    Z pdb=" CB  THR A  30 " X pdb="HG21 THR A  30 "
   pdb=" H   THR A  30 "    H108    Z pdb=" N   THR A  30 " X pdb=" C   TYR A  29 "
   pdb=" HA  THR A  30 "    H103    Z pdb=" CA  THR A  30 " X pdb=" N   THR A  30 "
   pdb=" HB  THR A  30 "    H103    Z pdb=" CB  THR A  30 " X pdb=" OG1 THR A  30 "
   pdb=" HG1 THR A  30 "    H112    Z pdb=" OG1 THR A  30 " X pdb=" CB  THR A  30 "
   pdb="HG21 THR A  30 "    H101    Z pdb=" CG2 THR A  30 " X pdb=" CB  THR A  30 "
   pdb="HG22 THR A  30 "    H101    Z pdb=" CG2 THR A  30 " X pdb=" CB  THR A  30 "
   pdb="HG23 THR A  30 "    H101    Z pdb=" CG2 THR A  30 " X pdb=" CB  THR A  30 "
   pdb=" N   GLY A  31 "    N315    X pdb=" C   THR A  30 " Y pdb=" CA  GLY A  31 "
   pdb=" CA  GLY A  31 "    C418    X pdb=" N   GLY A  31 " Y pdb=" C   GLY A  31 "
   pdb=" C   GLY A  31 "    C304    X pdb=" O   GLY A  31 " Y pdb=" N   CYS A  32 "
   pdb=" O   GLY A  31 "   O1051    X pdb=" C   GLY A  31 " Y pdb=" N   CYS A  32 "
   pdb=" H   GLY A  31 "    H108    Z pdb=" N   GLY A  31 " X pdb=" C   THR A  30 "
   pdb=" HA2 GLY A  31 "    H102    Z pdb=" CA  GLY A  31 " X pdb=" N   GLY A  31 "
   pdb=" HA3 GLY A  31 "    H102    Z pdb=" CA  GLY A  31 " X pdb=" N   GLY A  31 "
   pdb=" N   CYS A  32 "    N315    X pdb=" C   GLY A  31 " Y pdb=" CA  CYS A  32 "
   pdb=" CA  CYS A  32 "    C421    X pdb=" N   CYS A  32 " Y pdb=" C   CYS A  32 "
   pdb=" C   CYS A  32 "    C304    X pdb=" O   CYS A  32 " Y pdb=" N   ILE A  33 "
   pdb=" O   CYS A  32 "   O1051    X pdb=" C   CYS A  32 " Y pdb=" N   ILE A  33 "
   pdb=" CB  CYS A  32 "    C434    X pdb=" SG  CYS A  32 " Y pdb=" CA  CYS A  32 "
   pdb=" SG  CYS A  32 "    S203    X pdb=" SG  CYS A   4 " Y pdb=" CB  CYS A  32 "
   pdb=" H   CYS A  32 "    H108    Z pdb=" N   CYS A  32 " X pdb=" C   GLY A  31 "
   pdb=" HA  CYS A  32 "    H103    Z pdb=" CA  CYS A  32 " X pdb=" N   CYS A  32 "
   pdb=" HB2 CYS A  32 "    H102    Z pdb=" CB  CYS A  32 " X pdb=" SG  CYS A  32 "
   pdb=" HB3 CYS A  32 "    H102    Z pdb=" CB  CYS A  32 " X pdb=" SG  CYS A  32 "
   pdb=" N   ILE A  33 "    N315    X pdb=" C   CYS A  32 " Y pdb=" CA  ILE A  33 "
   pdb=" CA  ILE A  33 "    C421    X pdb=" N   ILE A  33 " Y pdb=" C   ILE A  33 "
   pdb=" C   ILE A  33 "    C304    X pdb=" O   ILE A  33 " Y pdb=" N   ILE A  34 "
   pdb=" O   ILE A  33 "   O1051    X pdb=" C   ILE A  33 " Y pdb=" N   ILE A  34 "
   pdb=" CB  ILE A  33 "    C402    Z pdb=" HB  ILE A  33 " X pdb=" CG2 ILE A  33 "
   pdb=" CG1 ILE A  33 "   C404a    Z average_direction(pdb=" CD1 ILE A  33 ",pdb=" CB  ILE A  33 ") X pdb="HG13 ILE A  33 "
   pdb=" CG2 ILE A  33 "    C401    Z pdb=" CB  ILE A  33 " X pdb="HG22 ILE A  33 "
   pdb=" CD1 ILE A  33 "    C401    Z pdb=" CG1 ILE A  33 " X pdb="HD12 ILE A  33 "
   pdb=" H   ILE A  33 "    H108    Z pdb=" N   ILE A  33 " X pdb=" C   CYS A  32 "
   pdb=" HA  ILE A  33 "    H103    Z pdb=" CA  ILE A  33 " X pdb=" N   ILE A  33 "
   pdb=" HB  ILE A  33 "    H103    Z pdb=" CB  ILE A  33 " X pdb=" CG2 ILE A  33 "
   pdb="HG12 ILE A  33 "    H102    Z pdb=" CG1 ILE A  33 " X pdb=" CB  ILE A  33 "
   pdb="HG13 ILE A  33 "    H102    Z pdb=" CG1 ILE A  33 " X pdb=" CB  ILE A  33 "
   pdb="HG21 ILE A  33 "    H101    Z pdb=" CG2 ILE A  33 " X pdb=" CB  ILE A  33 "
   pdb="HG22 ILE A  33 "    H101    Z pdb=" CG2 ILE A  33 " X pdb=" CB  ILE A  33 "
   pdb="HG23 ILE A  33 "    H101    Z pdb=" CG2 ILE A  33 " X pdb=" CB  ILE A  33 "
   pdb="HD11 ILE A  33 "    H101    Z pdb=" CD1 ILE A  33 " X pdb=" CG1 ILE A  33 "
   pdb="HD12 ILE A  33 "    H101    Z pdb=" CD1 ILE A  33 " X pdb=" CG1 ILE A  33 "
   pdb="HD13 ILE A  33 "    H101    Z pdb=" CD1 ILE A  33 " X pdb=" CG1 ILE A  33 "
   pdb=" N   ILE A  34 "    N315    X pdb=" C   ILE A  33 " Y pdb=" CA  ILE A  34 "
   pdb=" CA  ILE A  34 "    C421    X pdb=" N   ILE A  34 " Y pdb=" C   ILE A  34 "
   pdb=" C   ILE A  34 "    C304    X pdb=" O   ILE A  34 " Y pdb=" N   ILE A  35 "
   pdb=" O   ILE A  34 "   O1051    X pdb=" C   ILE A  34 " Y pdb=" N   ILE A  35 "
   pdb=" CB  ILE A  34 "    C402    Z pdb=" HB  ILE A  34 " X pdb=" CG2 ILE A  34 "
   pdb=" CG1 ILE A  34 "   C404a    Z average_direction(pdb=" CD1 ILE A  34 ",pdb=" CB  ILE A  34 ") X pdb="HG13 ILE A  34 "
   pdb=" CG2 ILE A  34 "    C401    Z pdb=" CB  ILE A  34 " X pdb="HG22 ILE A  34 "
   pdb=" CD1 ILE A  34 "    C401    Z pdb=" CG1 ILE A  34 " X pdb="HD13 ILE A  34 "
   pdb=" H   ILE A  34 "    H108    Z pdb=" N   ILE A  34 " X pdb=" C   ILE A  33 "
   pdb=" HA  ILE A  34 "    H103    Z pdb=" CA  ILE A  34 " X pdb=" N   ILE A  34 "
   pdb=" HB  ILE A  34 "    H103    Z pdb=" CB  ILE A  34 " X pdb=" CG2 ILE A  34 "
   pdb="HG12 ILE A  34 "    H102    Z pdb=" CG1 ILE A  34 " X pdb=" CD1 ILE A  34 "
   pdb="HG13 ILE A  34 "    H102    Z pdb=" CG1 ILE A  34 " X pdb=" CD1 ILE A  34 "
   pdb="HG21 ILE A  34 "    H101    Z pdb=" CG2 ILE A  34 " X pdb=" CB  ILE A  34 "
   pdb="HG22 ILE A  34 "    H101    Z pdb=" CG2 ILE A  34 " X pdb=" CB  ILE A  34 "
   pdb="HG23 ILE A  34 "    H101    Z pdb=" CG2 ILE A  34 " X pdb=" CB  ILE A  34 "
   pdb="HD11 ILE A  34 "    H101    Z pdb=" CD1 ILE A  34 " X pdb=" CG1 ILE A  34 "
   pdb="HD12 ILE A  34 "    H101    Z pdb=" CD1 ILE A  34 " X pdb=" CG1 ILE A  34 "
   pdb="HD13 ILE A  34 "    H101    Z pdb=" CD1 ILE A  34 " X pdb=" CG1 ILE A  34 "
   pdb=" N   ILE A  35 "    N315    X pdb=" C   ILE A  34 " Y pdb=" CA  ILE A  35 "
   pdb=" CA  ILE A  35 "    C421    X pdb=" N   ILE A  35 " Y pdb=" C   ILE A  35 "
   pdb=" C   ILE A  35 "    C304    X pdb=" O   ILE A  35 " Y pdb=" N   PRO A  36 "
   pdb=" O   ILE A  35 "   O1051    X pdb=" C   ILE A  35 " Y pdb=" N   PRO A  36 "
   pdb=" CB  ILE A  35 "    C402    Z pdb=" HB  ILE A  35 " X pdb=" CG1 ILE A  35 "
   pdb=" CG1 ILE A  35 "   C404a    Z average_direction(pdb=" CD1 ILE A  35 ",pdb=" CB  ILE A  35 ") X pdb="HG13 ILE A  35 "
   pdb=" CG2 ILE A  35 "    C401    Z pdb=" CB  ILE A  35 " X pdb="HG23 ILE A  35 "
   pdb=" CD1 ILE A  35 "    C401    Z pdb=" CG1 ILE A  35 " X pdb="HD11 ILE A  35 "
   pdb=" H   ILE A  35 "    H108    Z pdb=" N   ILE A  35 " X pdb=" C   ILE A  34 "
   pdb=" HA  ILE A  35 "    H103    Z pdb=" CA  ILE A  35 " X pdb=" N   ILE A  35 "
   pdb=" HB  ILE A  35 "    H103    Z pdb=" CB  ILE A  35 " X pdb=" CG1 ILE A  35 "
   pdb="HG12 ILE A  35 "    H102    Z pdb=" CG1 ILE A  35 " X pdb=" CB  ILE A  35 "
   pdb="HG13 ILE A  35 "    H102    Z pdb=" CG1 ILE A  35 " X pdb=" CB  ILE A  35 "
   pdb="HG21 ILE A  35 "    H101    Z pdb=" CG2 ILE A  35 " X pdb=" CB  ILE A  35 "
   pdb="HG22 ILE A  35 "    H101    Z pdb=" CG2 ILE A  35 " X pdb=" CB  ILE A  35 "
   pdb="HG23 ILE A  35 "    H101    Z pdb=" CG2 ILE A  35 " X pdb=" CB  ILE A  35 "
   pdb="HD11 ILE A  35 "    H101    Z pdb=" CD1 ILE A  35 " X pdb=" CG1 ILE A  35 "
   pdb="HD12 ILE A  35 "    H101    Z pdb=" CD1 ILE A  35 " X pdb=" CG1 ILE A  35 "
   pdb="HD13 ILE A  35 "    H101    Z pdb=" CD1 ILE A  35 " X pdb=" CG1 ILE A  35 "
   pdb=" N   PRO A  36 "    N313    Z pdb=" C   ILE A  35 " X pdb=" CA  PRO A  36 "
   pdb=" CA  PRO A  36 "    C421    X pdb=" N   PRO A  36 " Y pdb=" C   PRO A  36 "
   pdb=" C   PRO A  36 "    C304    X pdb=" O   PRO A  36 " Y pdb=" N   GLY A  37 "
   pdb=" O   PRO A  36 "   O1051    X pdb=" C   PRO A  36 " Y pdb=" N   GLY A  37 "
   pdb=" CB  PRO A  36 "   C404a    Z average_direction(pdb=" CG  PRO A  36 ",pdb=" CA  PRO A  36 ") X pdb=" HB3 PRO A  36 "
   pdb=" CG  PRO A  36 "   C404a    Z average_direction(pdb=" CD  PRO A  36 ",pdb=" CB  PRO A  36 ") X pdb=" HG2 PRO A  36 "
   pdb=" CD  PRO A  36 "    C418    X pdb=" N   PRO A  36 " Y pdb=" CG  PRO A  36 "
   pdb=" HA  PRO A  36 "    H103    Z pdb=" CA  PRO A  36 " X pdb=" N   PRO A  36 "
   pdb=" HB2 PRO A  36 "    H102    Z pdb=" CB  PRO A  36 " X pdb=" CG  PRO A  36 "
   pdb=" HB3 PRO A  36 "    H102    Z pdb=" CB  PRO A  36 " X pdb=" CG  PRO A  36 "
   pdb=" HG2 PRO A  36 "    H102    Z pdb=" CG  PRO A  36 " X pdb=" CB  PRO A  36 "
   pdb=" HG3 PRO A  36 "    H102    Z pdb=" CG  PRO A  36 " X pdb=" CB  PRO A  36 "
   pdb=" HD2 PRO A  36 "    H102    Z pdb=" CD  PRO A  36 " X pdb=" N   PRO A  36 "
   pdb=" HD3 PRO A  36 "    H102    Z pdb=" CD  PRO A  36 " X pdb=" N   PRO A  36 "
   pdb=" N   GLY A  37 "    N315    X pdb=" C   PRO A  36 " Y pdb=" CA  GLY A  37 "
   pdb=" CA  GLY A  37 "    C418    X pdb=" N   GLY A  37 " Y pdb=" C   GLY A  37 "
   pdb=" C   GLY A  37 "    C304    X pdb=" O   GLY A  37 " Y pdb=" N   ALA A  38 "
   pdb=" O   GLY A  37 "   O1051    X pdb=" C   GLY A  37 " Y pdb=" N   ALA A  38 "
   pdb=" H   GLY A  37 "    H108    Z pdb=" N   GLY A  37 " X pdb=" C   PRO A  36 "
   pdb=" HA2 GLY A  37 "    H102    Z pdb=" CA  GLY A  37 " X pdb=" N   GLY A  37 "
   pdb=" HA3 GLY A  37 "    H102    Z pdb=" CA  GLY A  37 " X pdb=" N   GLY A  37 "
   pdb=" N   ALA A  38 "    N315    X pdb=" C   GLY A  37 " Y pdb=" CA  ALA A  38 "
   pdb=" CA  ALA A  38 "    C421    X pdb=" N   ALA A  38 " Y pdb=" C   ALA A  38 "
   pdb=" C   ALA A  38 "    C304    X pdb=" O   ALA A  38 " Y pdb=" N   THR A  39 "
   pdb=" O   ALA A  38 "   O1051    X pdb=" C   ALA A  38 " Y pdb=" N   THR A  39 "
   pdb=" CB  ALA A  38 "    C401    Z pdb=" CA  ALA A  38 " X pdb=" HB2 ALA A  38 "
   pdb=" H   ALA A  38 "    H108    Z pdb=" N   ALA A  38 " X pdb=" C   GLY A  37 "
   pdb=" HA  ALA A  38 "    H103    Z pdb=" CA  ALA A  38 " X pdb=" N   ALA A  38 "
   pdb=" HB1 ALA A  38 "    H101    Z pdb=" CB  ALA A  38 " X pdb=" CA  ALA A  38 "
   pdb=" HB2 ALA A  38 "    H101    Z pdb=" CB  ALA A  38 " X pdb=" CA  ALA A  38 "
   pdb=" HB3 ALA A  38 "    H101    Z pdb=" CB  ALA A  38 " X pdb=" CA  ALA A  38 "
   pdb=" N   THR A  39 "    N315    X pdb=" C   ALA A  38 " Y pdb=" CA  THR A  39 "
   pdb=" CA  THR A  39 "    C421    X pdb=" N   THR A  39 " Y pdb=" C   THR A  39 "
   pdb=" C   THR A  39 "    C304    X pdb=" O   THR A  39 " Y pdb=" N   CYS A  40 "
   pdb=" O   THR A  39 "   O1051    X pdb=" C   THR A  39 " Y pdb=" N   CYS A  40 "
   pdb=" CB  THR A  39 "    C430    X pdb=" OG1 THR A  39 " Y pdb=" HB  THR A  39 "
   pdb=" OG1 THR A  39 "   O205a    X pdb=" CB  THR A  39 " Y pdb=" HG1 THR A  39 "
   pdb=" CG2 THR A  39 "    C401    Z pdb=" CB  THR A  39 " X pdb="HG22 THR A  39 "
   pdb=" H   THR A  39 "    H108    Z pdb=" N   THR A  39 " X pdb=" C   ALA A  38 "
   pdb=" HA  THR A  39 "    H103    Z pdb=" CA  THR A  39 " X pdb=" N   THR A  39 "
   pdb=" HB  THR A  39 "    H103    Z pdb=" CB  THR A  39 " X pdb=" OG1 THR A  39 "
   pdb=" HG1 THR A  39 "    H112    Z pdb=" OG1 THR A  39 " X pdb=" CB  THR A  39 "
   pdb="HG21 THR A  39 "    H101    Z pdb=" CG2 THR A  39 " X pdb=" CB  THR A  39 "
   pdb="HG22 THR A  39 "    H101    Z pdb=" CG2 THR A  39 " X pdb=" CB  THR A  39 "
   pdb="HG23 THR A  39 "    H101    Z pdb=" CG2 THR A  39 " X pdb=" CB  THR A  39 "
   pdb=" N   CYS A  40 "    N315    X pdb=" C   THR A  39 " Y pdb=" CA  CYS A  40 "
   pdb=" CA  CYS A  40 "    C421    X pdb=" N   CYS A  40 " Y pdb=" C   CYS A  40 "
   pdb=" C   CYS A  40 "    C304    X pdb=" O   CYS A  40 " Y pdb=" N   PRO A  41 "
   pdb=" O   CYS A  40 "   O1051    X pdb=" C   CYS A  40 " Y pdb=" N   PRO A  41 "
   pdb=" CB  CYS A  40 "    C434    X pdb=" SG  CYS A  40 " Y pdb=" CA  CYS A  40 "
   pdb=" SG  CYS A  40 "    S203    X pdb=" SG  CYS A   3 " Y pdb=" CB  CYS A  40 "
   pdb=" H   CYS A  40 "    H108    Z pdb=" N   CYS A  40 " X pdb=" C   THR A  39 "
   pdb=" HA  CYS A  40 "    H103    Z pdb=" CA  CYS A  40 " X pdb=" N   CYS A  40 "
   pdb=" HB2 CYS A  40 "    H102    Z pdb=" CB  CYS A  40 " X pdb=" SG  CYS A  40 "
   pdb=" HB3 CYS A  40 "    H102    Z pdb=" CB  CYS A  40 " X pdb=" SG  CYS A  40 "
   pdb=" N   PRO A  41 "    N313    Z pdb=" C   CYS A  40 " X pdb=" CA  PRO A  41 "
   pdb=" CA  PRO A  41 "    C421    X pdb=" N   PRO A  41 " Y pdb=" C   PRO A  41 "
   pdb=" C   PRO A  41 "    C304    X pdb=" O   PRO A  41 " Y pdb=" N   GLY A  42 "
   pdb=" O   PRO A  41 "   O1051    X pdb=" C   PRO A  41 " Y pdb=" N   GLY A  42 "
   pdb=" CB  PRO A  41 "   C404a    Z average_direction(pdb=" CG  PRO A  41 ",pdb=" CA  PRO A  41 ") X pdb=" HB2 PRO A  41 "
   pdb=" CG  PRO A  41 "   C404a    Z average_direction(pdb=" CD  PRO A  41 ",pdb=" CB  PRO A  41 ") X pdb=" HG3 PRO A  41 "
   pdb=" CD  PRO A  41 "    C418    X pdb=" N   PRO A  41 " Y pdb=" CG  PRO A  41 "
   pdb=" HA  PRO A  41 "    H103    Z pdb=" CA  PRO A  41 " X pdb=" N   PRO A  41 "
   pdb=" HB2 PRO A  41 "    H102    Z pdb=" CB  PRO A  41 " X pdb=" CA  PRO A  41 "
   pdb=" HB3 PRO A  41 "    H102    Z pdb=" CB  PRO A  41 " X pdb=" CA  PRO A  41 "
   pdb=" HG2 PRO A  41 "    H102    Z pdb=" CG  PRO A  41 " X pdb=" CD  PRO A  41 "
   pdb=" HG3 PRO A  41 "    H102    Z pdb=" CG  PRO A  41 " X pdb=" CD  PRO A  41 "
   pdb=" HD2 PRO A  41 "    H102    Z pdb=" CD  PRO A  41 " X pdb=" N   PRO A  41 "
   pdb=" HD3 PRO A  41 "    H102    Z pdb=" CD  PRO A  41 " X pdb=" N   PRO A  41 "
   pdb=" N   GLY A  42 "    N315    X pdb=" C   PRO A  41 " Y pdb=" CA  GLY A  42 "
   pdb=" CA  GLY A  42 "    C418    X pdb=" N   GLY A  42 " Y pdb=" C   GLY A  42 "
   pdb=" C   GLY A  42 "    C304    X pdb=" O   GLY A  42 " Y pdb=" N   ASP A  43 "
   pdb=" O   GLY A  42 "   O1051    X pdb=" C   GLY A  42 " Y pdb=" N   ASP A  43 "
   pdb=" H   GLY A  42 "    H108    Z pdb=" N   GLY A  42 " X pdb=" C   PRO A  41 "
   pdb=" HA2 GLY A  42 "    H102    Z pdb=" CA  GLY A  42 " X pdb=" N   GLY A  42 "
   pdb=" HA3 GLY A  42 "    H102    Z pdb=" CA  GLY A  42 " X pdb=" N   GLY A  42 "
   pdb=" N   ASP A  43 "    N315    X pdb=" C   GLY A  42 " Y pdb=" CA  ASP A  43 "
   pdb=" CA  ASP A  43 "    C421    X pdb=" N   ASP A  43 " Y pdb=" C   ASP A  43 "
   pdb=" C   ASP A  43 "    C304    X pdb=" O   ASP A  43 " Y pdb=" N   TYR A  44 "
   pdb=" O   ASP A  43 "   O1051    X pdb=" C   ASP A  43 " Y pdb=" N   TYR A  44 "
   pdb=" CB  ASP A  43 "    C405    X pdb=" CG  ASP A  43 " Y pdb=" CA  ASP A  43 "
   pdb=" CG  ASP A  43 "    C301    Z pdb=" CB  ASP A  43 " X pdb=" OD1 ASP A  43 "
   pdb=" OD1 ASP A  43 "    O101    X pdb=" CG  ASP A  43 " Y pdb=" OD2 ASP A  43 "
   pdb=" OD2 ASP A  43 "    O101    X pdb=" CG  ASP A  43 " Y pdb=" OD1 ASP A  43 "
   pdb=" H   ASP A  43 "    H108    Z pdb=" N   ASP A  43 " X pdb=" C   GLY A  42 "
   pdb=" HA  ASP A  43 "    H103    Z pdb=" CA  ASP A  43 " X pdb=" N   ASP A  43 "
   pdb=" HB2 ASP A  43 "    H102    Z pdb=" CB  ASP A  43 " X pdb=" CG  ASP A  43 "
   pdb=" HB3 ASP A  43 "    H102    Z pdb=" CB  ASP A  43 " X pdb=" CG  ASP A  43 "
   pdb=" N   TYR A  44 "    N315    X pdb=" C   ASP A  43 " Y pdb=" CA  TYR A  44 "
   pdb=" CA  TYR A  44 "    C421    X pdb=" N   TYR A  44 " Y pdb=" C   TYR A  44 "
   pdb=" C   TYR A  44 "    C304    X pdb=" O   TYR A  44 " Y pdb=" N   ALA A  45 "
   pdb=" O   TYR A  44 "   O1051    X pdb=" C   TYR A  44 " Y pdb=" N   ALA A  45 "
   pdb=" CB  TYR A  44 "    C405    X pdb=" CG  TYR A  44 " Y pdb=" CA  TYR A  44 "
   pdb=" CG  TYR A  44 "    C332    X average_position(pdb=" CG  TYR A  44 ",pdb=" CD1 TYR A  44 ",pdb=" CE1 TYR A  44 ",pdb=" CZ  TYR A  44 ",pdb=" CE2 TYR A  44 ",pdb=" CD2 TYR A  44 ") Y pdb=" CD2 TYR A  44 "
   pdb=" CD1 TYR A  44 "    C330    X average_position(pdb=" CG  TYR A  44 ",pdb=" CD1 TYR A  44 ",pdb=" CE1 TYR A  44 ",pdb=" CZ  TYR A  44 ",pdb=" CE2 TYR A  44 ",pdb=" CD2 TYR A  44 ") Y pdb=" CE1 TYR A  44 "
   pdb=" CD2 TYR A  44 "    C330    X average_position(pdb=" CG  TYR A  44 ",pdb=" CD1 TYR A  44 ",pdb=" CE1 TYR A  44 ",pdb=" CZ  TYR A  44 ",pdb=" CE2 TYR A  44 ",pdb=" CD2 TYR A  44 ") Y pdb=" CG  TYR A  44 "
   pdb=" CE1 TYR A  44 "    C330    X average_position(pdb=" CG  TYR A  44 ",pdb=" CD1 TYR A  44 ",pdb=" CE1 TYR A  44 ",pdb=" CZ  TYR A  44 ",pdb=" CE2 TYR A  44 ",pdb=" CD2 TYR A  44 ") Y pdb=" CD1 TYR A  44 "
   pdb=" CE2 TYR A  44 "    C330    X average_position(pdb=" CG  TYR A  44 ",pdb=" CD1 TYR A  44 ",pdb=" CE1 TYR A  44 ",pdb=" CZ  TYR A  44 ",pdb=" CE2 TYR A  44 ",pdb=" CD2 TYR A  44 ") Y pdb=" CZ  TYR A  44 "
   pdb=" CZ  TYR A  44 "   C341a    X average_position(pdb=" CG  TYR A  44 ",pdb=" CD1 TYR A  44 ",pdb=" CE1 TYR A  44 ",pdb=" CZ  TYR A  44 ",pdb=" CE2 TYR A  44 ",pdb=" CD2 TYR A  44 ") Y pdb=" CE2 TYR A  44 "
   pdb=" OH  TYR A  44 "    O204    X pdb=" CZ  TYR A  44 " Y pdb=" HH  TYR A  44 "
   pdb=" H   TYR A  44 "    H108    Z pdb=" N   TYR A  44 " X pdb=" C   ASP A  43 "
   pdb=" HA  TYR A  44 "    H103    Z pdb=" CA  TYR A  44 " X pdb=" N   TYR A  44 "
   pdb=" HB2 TYR A  44 "    H102    Z pdb=" CB  TYR A  44 " X pdb=" CG  TYR A  44 "
   pdb=" HB3 TYR A  44 "    H102    Z pdb=" CB  TYR A  44 " X pdb=" CG  TYR A  44 "
   pdb=" HD1 TYR A  44 "    H104    Z pdb=" CD1 TYR A  44 " X pdb=" CE1 TYR A  44 "
   pdb=" HD2 TYR A  44 "    H104    Z pdb=" CD2 TYR A  44 " X pdb=" CG  TYR A  44 "
   pdb=" HE1 TYR A  44 "    H104    Z pdb=" CE1 TYR A  44 " X pdb=" CD1 TYR A  44 "
   pdb=" HE2 TYR A  44 "    H104    Z pdb=" CE2 TYR A  44 " X pdb=" CZ  TYR A  44 "
   pdb=" HH  TYR A  44 "    H114    Z pdb=" OH  TYR A  44 " X pdb=" CZ  TYR A  44 "
   pdb=" N   ALA A  45 "    N315    X pdb=" C   TYR A  44 " Y pdb=" CA  ALA A  45 "
   pdb=" CA  ALA A  45 "    C421    X pdb=" N   ALA A  45 " Y pdb=" C   ALA A  45 "
   pdb=" C   ALA A  45 "    C304    X pdb=" O   ALA A  45 " Y pdb=" N   ASN A  46 "
   pdb=" O   ALA A  45 "   O1051    X pdb=" C   ALA A  45 " Y pdb=" N   ASN A  46 "
   pdb=" CB  ALA A  45 "    C401    Z pdb=" CA  ALA A  45 " X pdb=" HB3 ALA A  45 "
   pdb=" H   ALA A  45 "    H108    Z pdb=" N   ALA A  45 " X pdb=" C   TYR A  44 "
   pdb=" HA  ALA A  45 "    H103    Z pdb=" CA  ALA A  45 " X pdb=" N   ALA A  45 "
   pdb=" HB1 ALA A  45 "    H101    Z pdb=" CB  ALA A  45 " X pdb=" CA  ALA A  45 "
   pdb=" HB2 ALA A  45 "    H101    Z pdb=" CB  ALA A  45 " X pdb=" CA  ALA A  45 "
   pdb=" HB3 ALA A  45 "    H101    Z pdb=" CB  ALA A  45 " X pdb=" CA  ALA A  45 "
   pdb=" N   ASN A  46 "    N315    X pdb=" C   ALA A  45 " Y pdb=" CA  ASN A  46 "
   pdb=" CA  ASN A  46 "    C421    X pdb=" N   ASN A  46 " Y pdb=" C   ASN A  46 "
   pdb=" C   ASN A  46 "    C301    Z pdb=" CA  ASN A  46 " X pdb=" OXT ASN A  46 "
   pdb=" O   ASN A  46 "    O101    X pdb=" C   ASN A  46 " Y pdb=" OXT ASN A  46 "
   pdb=" CB  ASN A  46 "    C405    X pdb=" CG  ASN A  46 " Y pdb=" CA  ASN A  46 "
   pdb=" CG  ASN A  46 "    C304    X pdb=" OD1 ASN A  46 " Y pdb=" ND2 ASN A  46 "
   pdb=" OD1 ASN A  46 "   O1051    X pdb=" CG  ASN A  46 " Y pdb=" ND2 ASN A  46 "
   pdb=" ND2 ASN A  46 "    N310    Z pdb=" CG  ASN A  46 " X pdb="HD22 ASN A  46 "
   pdb=" OXT ASN A  46 "    O101    X pdb=" C   ASN A  46 " Y pdb=" O   ASN A  46 "
   pdb=" H   ASN A  46 "    H108    Z pdb=" N   ASN A  46 " X pdb=" C   ALA A  45 "
   pdb=" HA  ASN A  46 "    H103    Z pdb=" CA  ASN A  46 " X pdb=" N   ASN A  46 "
   pdb=" HB2 ASN A  46 "    H102    Z pdb=" CB  ASN A  46 " X pdb=" CG  ASN A  46 "
   pdb=" HB3 ASN A  46 "    H102    Z pdb=" CB  ASN A  46 " X pdb=" CG  ASN A  46 "
   pdb="HD21 ASN A  46 "    H107    Z pdb=" ND2 ASN A  46 " X pdb=" CG  ASN A  46 "
   pdb="HD22 ASN A  46 "    H107    Z pdb=" ND2 ASN A  46 " X pdb=" CG  ASN A  46 "

